<?xml version="1.0" encoding="UTF-8"?>
<testng-results skipped="0" failed="0" ignored="0" total="1" passed="1">
  <reporter-output>
  </reporter-output>
  <suite name="Default suite" duration-ms="29415" started-at="2021-02-26T14:12:44Z" finished-at="2021-02-26T14:13:14Z">
    <groups>
    </groups>
    <test name="Default test" duration-ms="29415" started-at="2021-02-26T14:12:44Z" finished-at="2021-02-26T14:13:14Z">
      <class name="testCase.Test1">
        <test-method status="PASS" signature="sample1()[pri:0, instance:testCase.Test1@4b9e13df]" name="sample1" duration-ms="29396" started-at="2021-02-26T14:12:44Z" finished-at="2021-02-26T14:13:14Z">
          <reporter-output>
          </reporter-output>
        </test-method> <!-- sample1 -->
      </class> <!-- testCase.Test1 -->
    </test> <!-- Default test -->
  </suite> <!-- Default suite -->
</testng-results>
